Arguments: 
  /Users/jasoncrescenzo/.nvm/versions/node/v11.6.0/bin/node /usr/local/Cellar/yarn/1.13.0/libexec/bin/yarn.js add victorychart

PATH: 
  /Users/jasoncrescenzo/.nvm/versions/node/v11.6.0/bin:/Users/jasoncrescenzo/.rvm/gems/ruby-2.3.3/bin:/Users/jasoncrescenzo/.rvm/gems/ruby-2.3.3@global/bin:/Users/jasoncrescenzo/.rvm/rubies/ruby-2.3.3/bin:/Applications/Postgres.app/Contents/Versions/latest/bin:/usr/local:/usr/local/bin:/usr/local/sbin:/usr/bin:/usr/local/bin:/usr/bin:/bin:/usr/sbin:/sbin:/Users/jasoncrescenzo/.rvm/gems/ruby-2.3.3/bin:/Users/jasoncrescenzo/.rvm/gems/ruby-2.3.3@global/bin:/Users/jasoncrescenzo/.rvm/rubies/ruby-2.3.3/bin:/Applications/Postgres.app/Contents/Versions/latest/bin:/usr/local:/usr/local/sbin:/Users/jasoncrescenzo/.rvm/bin:/Applications/Visual Studio Code.app/Contents/Resources/app/bin:/Applications/Visual Studio Code.app/Contents/Resources/app/bin

Yarn version: 
  1.13.0

Node version: 
  11.6.0

Platform: 
  darwin x64

Trace: 
  Error: https://registry.yarnpkg.com/victorychart: Not found
      at Request.params.callback [as _callback] (/usr/local/Cellar/yarn/1.13.0/libexec/lib/cli.js:66255:18)
      at Request.self.callback (/usr/local/Cellar/yarn/1.13.0/libexec/lib/cli.js:129397:22)
      at Request.emit (events.js:188:13)
      at Request.<anonymous> (/usr/local/Cellar/yarn/1.13.0/libexec/lib/cli.js:130369:10)
      at Request.emit (events.js:188:13)
      at IncomingMessage.<anonymous> (/usr/local/Cellar/yarn/1.13.0/libexec/lib/cli.js:130291:12)
      at Object.onceWrapper (events.js:276:13)
      at IncomingMessage.emit (events.js:193:15)
      at endReadableNT (_stream_readable.js:1129:12)
      at process.internalTickCallback (internal/process/next_tick.js:72:19)

npm manifest: 
  No manifest

yarn manifest: 
  No manifest

Lockfile: 
  No lockfile
